  SlkToken.cpp
e:\opensource\serverplatform\common\stringformat.h(274): warning C4267: “初始化”: 从“size_t”转换到“int”，可能丢失数据
e:\opensource\serverplatform\common\simplescript\calc.h(424): warning C4244: “return”: 从“int”转换到“float”，可能丢失数据
e:\opensource\serverplatform\common\stringformat.h(224): warning C4267: “初始化”: 从“size_t”转换到“int”，可能丢失数据
  e:\opensource\serverplatform\common\stringformat.h(218): note: 编译 类 模板 成员函数 "int StringFormatUtility::_impl_for_64<T,8>::format(char *,int &,int,const char *,T,int)" 时
          with
          [
              T=__int64
          ]
  e:\opensource\serverplatform\common\stringformat.h(298): note: 参见对正在编译的函数 模板 实例化“int StringFormatUtility::_impl_for_64<T,8>::format(char *,int &,int,const char *,T,int)”的引用
          with
          [
              T=__int64
          ]
  e:\opensource\serverplatform\common\stringformat.h(298): note: 参见对正在编译的 类 模板 实例化 "StringFormatUtility::_impl_for_64<T,8>" 的引用
          with
          [
              T=__int64
          ]
  e:\opensource\serverplatform\common\stringformat.h(354): note: 参见对正在编译的函数 模板 实例化“int StringFormatUtility::Value2String<P1>(char *,int &,int,const char *,T,int)”的引用
          with
          [
              P1=__int64,
              T=__int64
          ]
  e:\opensource\serverplatform\common\stringformat.h(310): note: 参见对正在编译的函数 模板 实例化“void StringParser::_Format<P1>(P1)”的引用
          with
          [
              P1=__int64
          ]
  e:\opensource\serverplatform\common\tsnprintf.h(38): note: 参见对正在编译的函数 模板 实例化“void StringParser::Format<P1>(P1)”的引用
          with
          [
              P1=__int64
          ]
  e:\opensource\serverplatform\common\simplescript\calc.h(499): note: 参见对正在编译的函数 模板 实例化“INT snprintf_<__int64>(CHAR *,size_t,const CHAR *,P1)”的引用
          with
          [
              P1=__int64
          ]
    正在创建库 E:\OpenSource\ServerPlatform\ServerCenter\x64\Debug\CenterClientLibrary.lib 和对象 E:\OpenSource\ServerPlatform\ServerCenter\x64\Debug\CenterClientLibrary.exp
LINK : warning LNK4098: 默认库“LIBCMT”与其他库的使用冲突；请使用 /NODEFAULTLIB:library
  CenterClientLibrary.vcxproj -> E:\OpenSource\ServerPlatform\ServerCenter\x64\Debug\CenterClientLibrary.dll
