  calc.cpp
D:\GitHub\ServerPlatform\Common\Queue.h(282,9): warning C4984: "if constexpr" 是一种 C++17 语言扩展
  (编译源文件“../Common/SimpleScript/calc.cpp”)
      D:\GitHub\ServerPlatform\Common\Queue.h(282,9):
      模板实例化上下文(最早的实例化上下文)为
          D:\GitHub\ServerPlatform\Common\SimpleScript\calc.h(2054,33):
          查看对正在编译的 类 模板 实例化“DequeT<FunctionScript::FunctionData *,8>”的引用
          D:\GitHub\ServerPlatform\Common\Queue.h(280,5):
          在编译 类 模板 成员函数“DequeT<FunctionScript::FunctionData *,8>::DequeT(void)”时
              D:\GitHub\ServerPlatform\Common\SimpleScript\calc.cpp(5365,5):
              请参阅 "FunctionScript::Interpreter::Interpreter" 中对 "DequeT<FunctionScript::FunctionData *,8>::DequeT" 的第一个引用
  
D:\GitHub\ServerPlatform\Common\Hashtable.h(353,9): warning C4984: "if constexpr" 是一种 C++17 语言扩展
  (编译源文件“../Common/SimpleScript/calc.cpp”)
      D:\GitHub\ServerPlatform\Common\Hashtable.h(353,9):
      模板实例化上下文(最早的实例化上下文)为
          D:\GitHub\ServerPlatform\Common\SimpleScript\calc.h(2044,31):
          查看对正在编译的 类 模板 实例化“HashtableT<FunctionScript::Interpreter::StringKey,FunctionScript::Interpreter::StatementApiFactoryList,FunctionScript::Interpreter::StringKey,DefValueWorkerT<ValT>,0>”的引用
          with
          [
              ValT=FunctionScript::Interpreter::StatementApiFactoryList
          ]
          D:\GitHub\ServerPlatform\Common\Hashtable.h(351,5):
          在编译 类 模板 成员函数“HashtableT<FunctionScript::Interpreter::StringKey,FunctionScript::Interpreter::StatementApiFactoryList,FunctionScript::Interpreter::StringKey,DefValueWorkerT<ValT>,0>::HashtableT(void)”时
          with
          [
              ValT=FunctionScript::Interpreter::StatementApiFactoryList
          ]
              D:\GitHub\ServerPlatform\Common\SimpleScript\calc.cpp(5365,5):
              请参阅 "FunctionScript::Interpreter::Interpreter" 中对 "HashtableT<FunctionScript::Interpreter::StringKey,FunctionScript::Interpreter::StatementApiFactoryList,FunctionScript::Interpreter::StringKey,DefValueWorkerT<ValT>,0>::HashtableT" 的第一个引用
          with
          [
              ValT=FunctionScript::Interpreter::StatementApiFactoryList
          ]
  
  ServerCenter.vcxproj -> D:\GitHub\ServerPlatform\ServerCenter\Debug\ServerCenter.exe
