This file contains any messages produced by compilers while
running configure, to aid debugging if configure makes a mistake.

It was created by FULL-PACKAGE-NAME configure VERSION, which was
generated by GNU Autoconf 2.69.  Invocation command line was

  $ ./configure 

## --------- ##
## Platform. ##
## --------- ##

hostname = localhost
uname -m = x86_64
uname -r = 17.5.0
uname -s = Darwin
uname -v = Darwin Kernel Version 17.5.0: Mon Mar  5 22:24:32 PST 2018; root:xnu-4570.51.1~1/RELEASE_X86_64

/usr/bin/uname -p = i386
/bin/uname -X     = unknown

/bin/arch              = unknown
/usr/bin/arch -k       = unknown
/usr/convex/getsysinfo = unknown
/usr/bin/hostinfo      = Mach kernel version:
	 Darwin Kernel Version 17.5.0: Mon Mar  5 22:24:32 PST 2018; root:xnu-4570.51.1~1/RELEASE_X86_64
Kernel configured for up to 8 processors.
4 processors are physically available.
8 processors are logically available.
Processor type: x86_64h (Intel x86-64h Haswell)
Processors active: 0 1 2 3 4 5 6 7
Primary memory available: 16.00 gigabytes
Default processor set: 358 tasks, 1565 threads, 8 processors
Load average: 1.85, Mach factor: 6.13
/bin/machine           = unknown
/usr/bin/oslevel       = unknown
/bin/universe          = unknown

PATH: /usr/local/bin
PATH: /usr/bin
PATH: /bin
PATH: /usr/sbin
PATH: /sbin
PATH: /usr/local/share/dotnet
PATH: /Library/Frameworks/Mono.framework/Versions/Current/Commands
PATH: /Applications/Wireshark.app/Contents/MacOS


## ----------- ##
## Core tests. ##
## ----------- ##

configure:2138: checking for a BSD-compatible install
configure:2206: result: /usr/bin/install -c
configure:2217: checking whether build environment is sane
configure:2272: result: yes
configure:2423: checking for a thread-safe mkdir -p
configure:2462: result: ./install-sh -c -d
configure:2469: checking for gawk
configure:2499: result: no
configure:2469: checking for mawk
configure:2499: result: no
configure:2469: checking for nawk
configure:2499: result: no
configure:2469: checking for awk
configure:2485: found /usr/bin/awk
configure:2496: result: awk
configure:2507: checking whether make sets $(MAKE)
configure:2529: result: yes
configure:2558: checking whether make supports nested variables
configure:2575: result: yes
configure:2745: checking for ranlib
configure:2761: found /usr/bin/ranlib
configure:2772: result: ranlib
configure:2854: checking for g++
configure:2870: found /usr/bin/g++
configure:2881: result: g++
configure:2908: checking for C++ compiler version
configure:2917: g++ --version >&5
Apple LLVM version 9.1.0 (clang-902.0.39.2)
Target: x86_64-apple-darwin17.5.0
Thread model: posix
InstalledDir: /Applications/Xcode.app/Contents/Developer/Toolchains/XcodeDefault.xctoolchain/usr/bin
Configured with: --prefix=/Applications/Xcode.app/Contents/Developer/usr --with-gxx-include-dir=/Applications/Xcode.app/Contents/Developer/Platforms/MacOSX.platform/Developer/SDKs/MacOSX10.13.sdk/usr/include/c++/4.2.1
configure:2928: $? = 0
configure:2917: g++ -v >&5
Configured with: --prefix=/Applications/Xcode.app/Contents/Developer/usr --with-gxx-include-dir=/Applications/Xcode.app/Contents/Developer/Platforms/MacOSX.platform/Developer/SDKs/MacOSX10.13.sdk/usr/include/c++/4.2.1
Apple LLVM version 9.1.0 (clang-902.0.39.2)
Target: x86_64-apple-darwin17.5.0
Thread model: posix
InstalledDir: /Applications/Xcode.app/Contents/Developer/Toolchains/XcodeDefault.xctoolchain/usr/bin
configure:2928: $? = 0
configure:2917: g++ -V >&5
clang: error: argument to '-V' is missing (expected 1 value)
clang: error: no input files
configure:2928: $? = 1
configure:2917: g++ -qversion >&5
clang: error: unknown argument: '-qversion'
clang: error: no input files
configure:2928: $? = 1
configure:2948: checking whether the C++ compiler works
configure:2970: g++    conftest.cpp  >&5
configure:2974: $? = 0
configure:3022: result: yes
configure:3025: checking for C++ compiler default output file name
configure:3027: result: a.out
configure:3033: checking for suffix of executables
configure:3040: g++ -o conftest    conftest.cpp  >&5
configure:3044: $? = 0
configure:3066: result: 
configure:3088: checking whether we are cross compiling
configure:3096: g++ -o conftest    conftest.cpp  >&5
configure:3100: $? = 0
configure:3107: ./conftest
configure:3111: $? = 0
configure:3126: result: no
configure:3131: checking for suffix of object files
configure:3153: g++ -c   conftest.cpp >&5
configure:3157: $? = 0
configure:3178: result: o
configure:3182: checking whether we are using the GNU C++ compiler
configure:3201: g++ -c   conftest.cpp >&5
configure:3201: $? = 0
configure:3210: result: yes
configure:3219: checking whether g++ accepts -g
configure:3239: g++ -c -g  conftest.cpp >&5
configure:3239: $? = 0
configure:3280: result: yes
configure:3314: checking for style of include used by make
configure:3342: result: GNU
configure:3368: checking dependency style of g++
configure:3479: result: gcc3
configure:3542: checking for gcc
configure:3558: found /usr/bin/gcc
configure:3569: result: gcc
configure:3798: checking for C compiler version
configure:3807: gcc --version >&5
Apple LLVM version 9.1.0 (clang-902.0.39.2)
Target: x86_64-apple-darwin17.5.0
Thread model: posix
InstalledDir: /Applications/Xcode.app/Contents/Developer/Toolchains/XcodeDefault.xctoolchain/usr/bin
Configured with: --prefix=/Applications/Xcode.app/Contents/Developer/usr --with-gxx-include-dir=/Applications/Xcode.app/Contents/Developer/Platforms/MacOSX.platform/Developer/SDKs/MacOSX10.13.sdk/usr/include/c++/4.2.1
configure:3818: $? = 0
configure:3807: gcc -v >&5
Configured with: --prefix=/Applications/Xcode.app/Contents/Developer/usr --with-gxx-include-dir=/Applications/Xcode.app/Contents/Developer/Platforms/MacOSX.platform/Developer/SDKs/MacOSX10.13.sdk/usr/include/c++/4.2.1
Apple LLVM version 9.1.0 (clang-902.0.39.2)
Target: x86_64-apple-darwin17.5.0
Thread model: posix
InstalledDir: /Applications/Xcode.app/Contents/Developer/Toolchains/XcodeDefault.xctoolchain/usr/bin
configure:3818: $? = 0
configure:3807: gcc -V >&5
clang: error: argument to '-V' is missing (expected 1 value)
clang: error: no input files
configure:3818: $? = 1
configure:3807: gcc -qversion >&5
clang: error: unknown argument: '-qversion'
clang: error: no input files
configure:3818: $? = 1
configure:3822: checking whether we are using the GNU C compiler
configure:3841: gcc -c   conftest.c >&5
configure:3841: $? = 0
configure:3850: result: yes
configure:3859: checking whether gcc accepts -g
configure:3879: gcc -c -g  conftest.c >&5
configure:3879: $? = 0
configure:3920: result: yes
configure:3937: checking for gcc option to accept ISO C89
configure:4000: gcc  -c -g -O2  conftest.c >&5
configure:4000: $? = 0
configure:4013: result: none needed
configure:4038: checking whether gcc understands -c and -o together
configure:4060: gcc -c conftest.c -o conftest2.o
configure:4063: $? = 0
configure:4060: gcc -c conftest.c -o conftest2.o
configure:4063: $? = 0
configure:4075: result: yes
configure:4094: checking dependency style of gcc
configure:4205: result: gcc3
configure:4223: checking for floor in -lm
configure:4248: gcc -o conftest -g -O2   conftest.c -lm   >&5
conftest.c:18:6: warning: incompatible redeclaration of library function 'floor' [-Wincompatible-library-redeclaration]
char floor ();
     ^
conftest.c:18:6: note: 'floor' is a builtin with type 'double (double)'
1 warning generated.
configure:4248: $? = 0
configure:4257: result: yes
configure:4268: checking for pthread_create in -lpthread
configure:4293: gcc -o conftest -g -O2   conftest.c -lpthread  -lm  >&5
configure:4293: $? = 0
configure:4302: result: yes
configure:4322: checking how to run the C preprocessor
configure:4353: gcc -E  conftest.c
configure:4353: $? = 0
configure:4367: gcc -E  conftest.c
conftest.c:13:10: fatal error: 'ac_nonexistent.h' file not found
#include <ac_nonexistent.h>
         ^~~~~~~~~~~~~~~~~~
1 error generated.
configure:4367: $? = 1
configure: failed program was:
| /* confdefs.h */
| #define PACKAGE_NAME "FULL-PACKAGE-NAME"
| #define PACKAGE_TARNAME "full-package-name"
| #define PACKAGE_VERSION "VERSION"
| #define PACKAGE_STRING "FULL-PACKAGE-NAME VERSION"
| #define PACKAGE_BUGREPORT "BUG-REPORT-ADDRESS"
| #define PACKAGE_URL ""
| #define PACKAGE "ServerCenter"
| #define VERSION "1.0"
| #define HAVE_LIBM 1
| #define HAVE_LIBPTHREAD 1
| /* end confdefs.h.  */
| #include <ac_nonexistent.h>
configure:4392: result: gcc -E
configure:4412: gcc -E  conftest.c
configure:4412: $? = 0
configure:4426: gcc -E  conftest.c
conftest.c:13:10: fatal error: 'ac_nonexistent.h' file not found
#include <ac_nonexistent.h>
         ^~~~~~~~~~~~~~~~~~
1 error generated.
configure:4426: $? = 1
configure: failed program was:
| /* confdefs.h */
| #define PACKAGE_NAME "FULL-PACKAGE-NAME"
| #define PACKAGE_TARNAME "full-package-name"
| #define PACKAGE_VERSION "VERSION"
| #define PACKAGE_STRING "FULL-PACKAGE-NAME VERSION"
| #define PACKAGE_BUGREPORT "BUG-REPORT-ADDRESS"
| #define PACKAGE_URL ""
| #define PACKAGE "ServerCenter"
| #define VERSION "1.0"
| #define HAVE_LIBM 1
| #define HAVE_LIBPTHREAD 1
| /* end confdefs.h.  */
| #include <ac_nonexistent.h>
configure:4455: checking for grep that handles long lines and -e
configure:4513: result: /usr/bin/grep
configure:4518: checking for egrep
configure:4580: result: /usr/bin/grep -E
configure:4585: checking for ANSI C header files
configure:4605: gcc -c -g -O2  conftest.c >&5
configure:4605: $? = 0
configure:4678: gcc -o conftest -g -O2   conftest.c -lpthread -lm  >&5
configure:4678: $? = 0
configure:4678: ./conftest
configure:4678: $? = 0
configure:4689: result: yes
configure:4702: checking for sys/types.h
configure:4702: gcc -c -g -O2  conftest.c >&5
configure:4702: $? = 0
configure:4702: result: yes
configure:4702: checking for sys/stat.h
configure:4702: gcc -c -g -O2  conftest.c >&5
configure:4702: $? = 0
configure:4702: result: yes
configure:4702: checking for stdlib.h
configure:4702: gcc -c -g -O2  conftest.c >&5
configure:4702: $? = 0
configure:4702: result: yes
configure:4702: checking for string.h
configure:4702: gcc -c -g -O2  conftest.c >&5
configure:4702: $? = 0
configure:4702: result: yes
configure:4702: checking for memory.h
configure:4702: gcc -c -g -O2  conftest.c >&5
configure:4702: $? = 0
configure:4702: result: yes
configure:4702: checking for strings.h
configure:4702: gcc -c -g -O2  conftest.c >&5
configure:4702: $? = 0
configure:4702: result: yes
configure:4702: checking for inttypes.h
configure:4702: gcc -c -g -O2  conftest.c >&5
configure:4702: $? = 0
configure:4702: result: yes
configure:4702: checking for stdint.h
configure:4702: gcc -c -g -O2  conftest.c >&5
configure:4702: $? = 0
configure:4702: result: yes
configure:4702: checking for unistd.h
configure:4702: gcc -c -g -O2  conftest.c >&5
configure:4702: $? = 0
configure:4702: result: yes
configure:4714: checking for stdbool.h that conforms to C99
configure:4781: gcc -c -g -O2  conftest.c >&5
conftest.c:72:24: warning: address of 's' will always evaluate to 'true' [-Wpointer-bool-conversion]
             bool e = &s;
                  ~    ^
conftest.c:76:23: warning: address of array 'a' will always evaluate to 'true' [-Wpointer-bool-conversion]
             return (!a + !b + !c + !d + !e + !f + !g + !h + !i + !!j + !k + !!l
                     ~^
conftest.c:76:28: warning: address of array 'b' will always evaluate to 'true' [-Wpointer-bool-conversion]
             return (!a + !b + !c + !d + !e + !f + !g + !h + !i + !!j + !k + !!l
                          ~^
conftest.c:76:33: warning: address of array 'c' will always evaluate to 'true' [-Wpointer-bool-conversion]
             return (!a + !b + !c + !d + !e + !f + !g + !h + !i + !!j + !k + !!l
                               ~^
conftest.c:76:38: warning: address of array 'd' will always evaluate to 'true' [-Wpointer-bool-conversion]
             return (!a + !b + !c + !d + !e + !f + !g + !h + !i + !!j + !k + !!l
                                    ~^
conftest.c:76:48: warning: address of array 'f' will always evaluate to 'true' [-Wpointer-bool-conversion]
             return (!a + !b + !c + !d + !e + !f + !g + !h + !i + !!j + !k + !!l
                                              ~^
conftest.c:76:53: warning: address of array 'g' will always evaluate to 'true' [-Wpointer-bool-conversion]
             return (!a + !b + !c + !d + !e + !f + !g + !h + !i + !!j + !k + !!l
                                                   ~^
conftest.c:76:58: warning: address of array 'h' will always evaluate to 'true' [-Wpointer-bool-conversion]
             return (!a + !b + !c + !d + !e + !f + !g + !h + !i + !!j + !k + !!l
                                                        ~^
conftest.c:76:63: warning: address of array 'i' will always evaluate to 'true' [-Wpointer-bool-conversion]
             return (!a + !b + !c + !d + !e + !f + !g + !h + !i + !!j + !k + !!l
                                                             ~^
conftest.c:77:30: warning: address of array 'n' will always evaluate to 'true' [-Wpointer-bool-conversion]
                            ~^
conftest.c:77:35: warning: address of array 'o' will always evaluate to 'true' [-Wpointer-bool-conversion]
                                 ~^
conftest.c:77:40: warning: address of array 'p' will always evaluate to 'true' [-Wpointer-bool-conversion]
                                      ~^
12 warnings generated.
configure:4781: $? = 0
configure:4788: result: yes
configure:4790: checking for _Bool
configure:4790: gcc -c -g -O2  conftest.c >&5
configure:4790: $? = 0
configure:4790: gcc -c -g -O2  conftest.c >&5
conftest.c:59:20: error: expected expression
if (sizeof ((_Bool)))
                   ^
1 error generated.
configure:4790: $? = 1
configure: failed program was:
| /* confdefs.h */
| #define PACKAGE_NAME "FULL-PACKAGE-NAME"
| #define PACKAGE_TARNAME "full-package-name"
| #define PACKAGE_VERSION "VERSION"
| #define PACKAGE_STRING "FULL-PACKAGE-NAME VERSION"
| #define PACKAGE_BUGREPORT "BUG-REPORT-ADDRESS"
| #define PACKAGE_URL ""
| #define PACKAGE "ServerCenter"
| #define VERSION "1.0"
| #define HAVE_LIBM 1
| #define HAVE_LIBPTHREAD 1
| #define STDC_HEADERS 1
| #define HAVE_SYS_TYPES_H 1
| #define HAVE_SYS_STAT_H 1
| #define HAVE_STDLIB_H 1
| #define HAVE_STRING_H 1
| #define HAVE_MEMORY_H 1
| #define HAVE_STRINGS_H 1
| #define HAVE_INTTYPES_H 1
| #define HAVE_STDINT_H 1
| #define HAVE_UNISTD_H 1
| /* end confdefs.h.  */
| #include <stdio.h>
| #ifdef HAVE_SYS_TYPES_H
| # include <sys/types.h>
| #endif
| #ifdef HAVE_SYS_STAT_H
| # include <sys/stat.h>
| #endif
| #ifdef STDC_HEADERS
| # include <stdlib.h>
| # include <stddef.h>
| #else
| # ifdef HAVE_STDLIB_H
| #  include <stdlib.h>
| # endif
| #endif
| #ifdef HAVE_STRING_H
| # if !defined STDC_HEADERS && defined HAVE_MEMORY_H
| #  include <memory.h>
| # endif
| # include <string.h>
| #endif
| #ifdef HAVE_STRINGS_H
| # include <strings.h>
| #endif
| #ifdef HAVE_INTTYPES_H
| # include <inttypes.h>
| #endif
| #ifdef HAVE_STDINT_H
| # include <stdint.h>
| #endif
| #ifdef HAVE_UNISTD_H
| # include <unistd.h>
| #endif
| int
| main ()
| {
| if (sizeof ((_Bool)))
| 	    return 0;
|   ;
|   return 0;
| }
configure:4790: result: yes
configure:4801: checking for size_t
configure:4801: gcc -c -g -O2  conftest.c >&5
configure:4801: $? = 0
configure:4801: gcc -c -g -O2  conftest.c >&5
conftest.c:60:21: error: expected expression
if (sizeof ((size_t)))
                    ^
1 error generated.
configure:4801: $? = 1
configure: failed program was:
| /* confdefs.h */
| #define PACKAGE_NAME "FULL-PACKAGE-NAME"
| #define PACKAGE_TARNAME "full-package-name"
| #define PACKAGE_VERSION "VERSION"
| #define PACKAGE_STRING "FULL-PACKAGE-NAME VERSION"
| #define PACKAGE_BUGREPORT "BUG-REPORT-ADDRESS"
| #define PACKAGE_URL ""
| #define PACKAGE "ServerCenter"
| #define VERSION "1.0"
| #define HAVE_LIBM 1
| #define HAVE_LIBPTHREAD 1
| #define STDC_HEADERS 1
| #define HAVE_SYS_TYPES_H 1
| #define HAVE_SYS_STAT_H 1
| #define HAVE_STDLIB_H 1
| #define HAVE_STRING_H 1
| #define HAVE_MEMORY_H 1
| #define HAVE_STRINGS_H 1
| #define HAVE_INTTYPES_H 1
| #define HAVE_STDINT_H 1
| #define HAVE_UNISTD_H 1
| #define HAVE__BOOL 1
| /* end confdefs.h.  */
| #include <stdio.h>
| #ifdef HAVE_SYS_TYPES_H
| # include <sys/types.h>
| #endif
| #ifdef HAVE_SYS_STAT_H
| # include <sys/stat.h>
| #endif
| #ifdef STDC_HEADERS
| # include <stdlib.h>
| # include <stddef.h>
| #else
| # ifdef HAVE_STDLIB_H
| #  include <stdlib.h>
| # endif
| #endif
| #ifdef HAVE_STRING_H
| # if !defined STDC_HEADERS && defined HAVE_MEMORY_H
| #  include <memory.h>
| # endif
| # include <string.h>
| #endif
| #ifdef HAVE_STRINGS_H
| # include <strings.h>
| #endif
| #ifdef HAVE_INTTYPES_H
| # include <inttypes.h>
| #endif
| #ifdef HAVE_STDINT_H
| # include <stdint.h>
| #endif
| #ifdef HAVE_UNISTD_H
| # include <unistd.h>
| #endif
| int
| main ()
| {
| if (sizeof ((size_t)))
| 	    return 0;
|   ;
|   return 0;
| }
configure:4801: result: yes
configure:4926: checking that generated files are newer than configure
configure:4932: result: done
configure:4959: creating ./config.status

## ---------------------- ##
## Running config.status. ##
## ---------------------- ##

This file was extended by FULL-PACKAGE-NAME config.status VERSION, which was
generated by GNU Autoconf 2.69.  Invocation command line was

  CONFIG_FILES    = 
  CONFIG_HEADERS  = 
  CONFIG_LINKS    = 
  CONFIG_COMMANDS = 
  $ ./config.status 

on localhost

config.status:862: creating Makefile
config.status:862: creating config.h
config.status:1043: config.h is unchanged
config.status:1091: executing depfiles commands

## ---------------- ##
## Cache variables. ##
## ---------------- ##

ac_cv_c_compiler_gnu=yes
ac_cv_cxx_compiler_gnu=yes
ac_cv_env_CCC_set=
ac_cv_env_CCC_value=
ac_cv_env_CC_set=
ac_cv_env_CC_value=
ac_cv_env_CFLAGS_set=
ac_cv_env_CFLAGS_value=
ac_cv_env_CPPFLAGS_set=
ac_cv_env_CPPFLAGS_value=
ac_cv_env_CPP_set=
ac_cv_env_CPP_value=
ac_cv_env_CXXFLAGS_set=
ac_cv_env_CXXFLAGS_value=
ac_cv_env_CXX_set=
ac_cv_env_CXX_value=
ac_cv_env_LDFLAGS_set=
ac_cv_env_LDFLAGS_value=
ac_cv_env_LIBS_set=
ac_cv_env_LIBS_value=
ac_cv_env_build_alias_set=
ac_cv_env_build_alias_value=
ac_cv_env_host_alias_set=
ac_cv_env_host_alias_value=
ac_cv_env_target_alias_set=
ac_cv_env_target_alias_value=
ac_cv_header_inttypes_h=yes
ac_cv_header_memory_h=yes
ac_cv_header_stdbool_h=yes
ac_cv_header_stdc=yes
ac_cv_header_stdint_h=yes
ac_cv_header_stdlib_h=yes
ac_cv_header_string_h=yes
ac_cv_header_strings_h=yes
ac_cv_header_sys_stat_h=yes
ac_cv_header_sys_types_h=yes
ac_cv_header_unistd_h=yes
ac_cv_lib_m_floor=yes
ac_cv_lib_pthread_pthread_create=yes
ac_cv_objext=o
ac_cv_path_EGREP='/usr/bin/grep -E'
ac_cv_path_GREP=/usr/bin/grep
ac_cv_path_install='/usr/bin/install -c'
ac_cv_prog_AWK=awk
ac_cv_prog_CPP='gcc -E'
ac_cv_prog_ac_ct_CC=gcc
ac_cv_prog_ac_ct_CXX=g++
ac_cv_prog_ac_ct_RANLIB=ranlib
ac_cv_prog_cc_c89=
ac_cv_prog_cc_g=yes
ac_cv_prog_cxx_g=yes
ac_cv_prog_make_make_set=yes
ac_cv_type__Bool=yes
ac_cv_type_size_t=yes
am_cv_CC_dependencies_compiler_type=gcc3
am_cv_CXX_dependencies_compiler_type=gcc3
am_cv_make_support_nested_variables=yes
am_cv_prog_cc_c_o=yes

## ----------------- ##
## Output variables. ##
## ----------------- ##

ACLOCAL='${SHELL} /Users/lanxiang/Documents/GitHub/ServerPlatform/ServerCenter/missing aclocal-1.15'
AMDEPBACKSLASH='\'
AMDEP_FALSE='#'
AMDEP_TRUE=''
AMTAR='$${TAR-tar}'
AM_BACKSLASH='\'
AM_DEFAULT_V='$(AM_DEFAULT_VERBOSITY)'
AM_DEFAULT_VERBOSITY='1'
AM_V='$(V)'
AUTOCONF='${SHELL} /Users/lanxiang/Documents/GitHub/ServerPlatform/ServerCenter/missing autoconf'
AUTOHEADER='${SHELL} /Users/lanxiang/Documents/GitHub/ServerPlatform/ServerCenter/missing autoheader'
AUTOMAKE='${SHELL} /Users/lanxiang/Documents/GitHub/ServerPlatform/ServerCenter/missing automake-1.15'
AWK='awk'
CC='gcc'
CCDEPMODE='depmode=gcc3'
CFLAGS='-g -O2'
CPP='gcc -E'
CPPFLAGS=''
CXX='g++'
CXXDEPMODE='depmode=gcc3'
CXXFLAGS='-g -O2'
CYGPATH_W='echo'
DEFS='-DHAVE_CONFIG_H'
DEPDIR='.deps'
ECHO_C='\c'
ECHO_N=''
ECHO_T=''
EGREP='/usr/bin/grep -E'
EXEEXT=''
GREP='/usr/bin/grep'
INSTALL_DATA='${INSTALL} -m 644'
INSTALL_PROGRAM='${INSTALL}'
INSTALL_SCRIPT='${INSTALL}'
INSTALL_STRIP_PROGRAM='$(install_sh) -c -s'
LDFLAGS=''
LIBOBJS=''
LIBS='-lpthread -lm '
LTLIBOBJS=''
MAKEINFO='${SHELL} /Users/lanxiang/Documents/GitHub/ServerPlatform/ServerCenter/missing makeinfo'
MKDIR_P='./install-sh -c -d'
OBJEXT='o'
PACKAGE='ServerCenter'
PACKAGE_BUGREPORT='BUG-REPORT-ADDRESS'
PACKAGE_NAME='FULL-PACKAGE-NAME'
PACKAGE_STRING='FULL-PACKAGE-NAME VERSION'
PACKAGE_TARNAME='full-package-name'
PACKAGE_URL=''
PACKAGE_VERSION='VERSION'
PATH_SEPARATOR=':'
RANLIB='ranlib'
SET_MAKE=''
SHELL='/bin/sh'
STRIP=''
VERSION='1.0'
ac_ct_CC='gcc'
ac_ct_CXX='g++'
am__EXEEXT_FALSE=''
am__EXEEXT_TRUE='#'
am__fastdepCC_FALSE='#'
am__fastdepCC_TRUE=''
am__fastdepCXX_FALSE='#'
am__fastdepCXX_TRUE=''
am__include='include'
am__isrc=''
am__leading_dot='.'
am__nodep='_no'
am__quote=''
am__tar='$${TAR-tar} chof - "$$tardir"'
am__untar='$${TAR-tar} xf -'
bindir='${exec_prefix}/bin'
build_alias=''
datadir='${datarootdir}'
datarootdir='${prefix}/share'
docdir='${datarootdir}/doc/${PACKAGE_TARNAME}'
dvidir='${docdir}'
exec_prefix='${prefix}'
host_alias=''
htmldir='${docdir}'
includedir='${prefix}/include'
infodir='${datarootdir}/info'
install_sh='${SHELL} /Users/lanxiang/Documents/GitHub/ServerPlatform/ServerCenter/install-sh'
libdir='${exec_prefix}/lib'
libexecdir='${exec_prefix}/libexec'
localedir='${datarootdir}/locale'
localstatedir='${prefix}/var'
mandir='${datarootdir}/man'
mkdir_p='$(MKDIR_P)'
oldincludedir='/usr/include'
pdfdir='${docdir}'
prefix='/usr/local'
program_transform_name='s,x,x,'
psdir='${docdir}'
sbindir='${exec_prefix}/sbin'
sharedstatedir='${prefix}/com'
sysconfdir='${prefix}/etc'
target_alias=''

## ----------- ##
## confdefs.h. ##
## ----------- ##

/* confdefs.h */
#define PACKAGE_NAME "FULL-PACKAGE-NAME"
#define PACKAGE_TARNAME "full-package-name"
#define PACKAGE_VERSION "VERSION"
#define PACKAGE_STRING "FULL-PACKAGE-NAME VERSION"
#define PACKAGE_BUGREPORT "BUG-REPORT-ADDRESS"
#define PACKAGE_URL ""
#define PACKAGE "ServerCenter"
#define VERSION "1.0"
#define HAVE_LIBM 1
#define HAVE_LIBPTHREAD 1
#define STDC_HEADERS 1
#define HAVE_SYS_TYPES_H 1
#define HAVE_SYS_STAT_H 1
#define HAVE_STDLIB_H 1
#define HAVE_STRING_H 1
#define HAVE_MEMORY_H 1
#define HAVE_STRINGS_H 1
#define HAVE_INTTYPES_H 1
#define HAVE_STDINT_H 1
#define HAVE_UNISTD_H 1
#define HAVE__BOOL 1

configure: exit 0

## ---------------------- ##
## Running config.status. ##
## ---------------------- ##

This file was extended by FULL-PACKAGE-NAME config.status VERSION, which was
generated by GNU Autoconf 2.69.  Invocation command line was

  CONFIG_FILES    = 
  CONFIG_HEADERS  = 
  CONFIG_LINKS    = 
  CONFIG_COMMANDS = 
  $ ./config.status config.h

on localhost

config.status:862: creating config.h
config.status:1043: config.h is unchanged
