e:\opensource\serverplatform\servercenter\x64\debug\vc141.pdb
e:\opensource\serverplatform\servercenter\x64\debug\vc141.idb
e:\opensource\serverplatform\servercenter\x64\debug\slkparse.obj
e:\opensource\serverplatform\servercenter\x64\debug\slkerror.obj
e:\opensource\serverplatform\servercenter\x64\debug\slkaction.obj
e:\opensource\serverplatform\servercenter\x64\debug\runtimebuilderdata.obj
e:\opensource\serverplatform\servercenter\x64\debug\calc.obj
e:\opensource\serverplatform\servercenter\x64\debug\bytecodescript.obj
e:\opensource\serverplatform\servercenter\x64\debug\bytecode.obj
e:\opensource\serverplatform\servercenter\x64\debug\objectpool.obj
e:\opensource\serverplatform\servercenter\x64\debug\util.obj
e:\opensource\serverplatform\servercenter\x64\debug\tcp_session.obj
e:\opensource\serverplatform\servercenter\x64\debug\netioservice.obj
e:\opensource\serverplatform\servercenter\x64\debug\acceptor.obj
e:\opensource\serverplatform\servercenter\x64\debug\exception.obj
e:\opensource\serverplatform\servercenter\x64\debug\connector.obj
e:\opensource\serverplatform\servercenter\x64\debug\heap.obj
e:\opensource\serverplatform\servercenter\x64\debug\hashtable.obj
e:\opensource\serverplatform\servercenter\x64\debug\scriptthread.obj
e:\opensource\serverplatform\servercenter\x64\debug\maintenancescript.obj
e:\opensource\serverplatform\servercenter\x64\debug\chain.obj
e:\opensource\serverplatform\servercenter\x64\debug\base64.obj
e:\opensource\serverplatform\servercenter\x64\debug\main.obj
e:\opensource\serverplatform\servercenter\x64\debug\sessionmanager.obj
e:\opensource\serverplatform\servercenter\x64\debug\tinyxmlparser.obj
e:\opensource\serverplatform\servercenter\x64\debug\tinyxmlerror.obj
e:\opensource\serverplatform\servercenter\x64\debug\tinyxml.obj
e:\opensource\serverplatform\servercenter\x64\debug\tinystr.obj
e:\opensource\serverplatform\servercenter\x64\debug\thread.obj
e:\opensource\serverplatform\servercenter\x64\debug\stringformat.obj
e:\opensource\serverplatform\servercenter\x64\debug\sourcecodescript.obj
e:\opensource\serverplatform\servercenter\x64\debug\slktoken.obj
e:\opensource\serverplatform\servercenter\x64\debug\slkstring.obj
e:\opensource\serverplatform\servercenter\x64\debug\servercenter.ilk
e:\opensource\serverplatform\servercenter\x64\debug\servercenter.exe
e:\opensource\serverplatform\servercenter\x64\debug\servercenter.pdb
e:\opensource\serverplatform\servercenter\x64\debug\centerhublibrary.ilk
e:\opensource\serverplatform\servercenter\x64\debug\centerhublibrary.exp
e:\opensource\serverplatform\servercenter\x64\debug\centerhublibrary.pdb
e:\opensource\serverplatform\servercenter\x64\debug\servercenter.tlog\cl.command.1.tlog
e:\opensource\serverplatform\servercenter\x64\debug\servercenter.tlog\cl.read.1.tlog
e:\opensource\serverplatform\servercenter\x64\debug\servercenter.tlog\cl.write.1.tlog
e:\opensource\serverplatform\servercenter\x64\debug\servercenter.tlog\link.command.1.tlog
e:\opensource\serverplatform\servercenter\x64\debug\servercenter.tlog\link.read.1.tlog
e:\opensource\serverplatform\servercenter\x64\debug\servercenter.tlog\link.write.1.tlog
